<?xml version="1.0" encoding="UTF-8"?>
<!-- Generated by org.testng.reporters.JUnitReportReporter -->
<testsuite hostname="MAC-PRO-5.lan" failures="0" tests="1" name="googleFinancePack.GoogleFinanceTest" time="6.212" errors="0" timestamp="2023-09-30T13:04:55 PDT" skipped="0">
  <testcase classname="googleFinancePack.GoogleFinanceTest" name="testGoogleFinance" time="6.212"/>
</testsuite> <!-- googleFinancePack.GoogleFinanceTest -->
